This is pdfTeX, Version 3.14159265-2.6-1.40.18 (MiKTeX 2.9.6350 64-bit) (preloaded format=pdflatex 2017.6.17)  25 JUN 2017 18:50
entering extended mode
**./plantilla_PFC.tex
(plantilla_PFC.tex
LaTeX2e <2017-04-15>
Babel <3.10> and hyphenation patterns for 75 language(s) loaded.
("C:\Program Files\MiKTeX 2.9\tex\latex\base\book.cls"
Document Class: book 2014/09/29 v1.4h Standard LaTeX document class
("C:\Program Files\MiKTeX 2.9\tex\latex\base\bk12.clo"
File: bk12.clo 2014/09/29 v1.4h Standard LaTeX file (size option)
)
\c@part=\count79
\c@chapter=\count80
\c@section=\count81
\c@subsection=\count82
\c@subsubsection=\count83
\c@paragraph=\count84
\c@subparagraph=\count85
\c@figure=\count86
\c@table=\count87
\abovecaptionskip=\skip41
\belowcaptionskip=\skip42
\bibindent=\dimen102
)
("C:\Program Files\MiKTeX 2.9\tex\latex\graphics\graphicx.sty"
Package: graphicx 2014/10/28 v1.0g Enhanced LaTeX Graphics (DPC,SPQR)

("C:\Program Files\MiKTeX 2.9\tex\latex\graphics\keyval.sty"
Package: keyval 2014/10/28 v1.15 key=value parser (DPC)
\KV@toks@=\toks14
)
("C:\Program Files\MiKTeX 2.9\tex\latex\graphics\graphics.sty"
Package: graphics 2017/04/14 v1.1b Standard LaTeX Graphics (DPC,SPQR)

("C:\Program Files\MiKTeX 2.9\tex\latex\graphics\trig.sty"
Package: trig 2016/01/03 v1.10 sin cos tan (DPC)
)
("C:\Program Files\MiKTeX 2.9\tex\latex\graphics-cfg\graphics.cfg"
File: graphics.cfg 2016/06/04 v1.11 sample graphics configuration
)
Package graphics Info: Driver file: dvips.def on input line 99.

("C:\Program Files\MiKTeX 2.9\tex\latex\graphics-def\dvips.def"
File: dvips.def 2016/07/10 v3.1a Driver-dependent file (DPC,SPQR)
))
\Gin@req@height=\dimen103
\Gin@req@width=\dimen104
)
("C:\Program Files\MiKTeX 2.9\tex\generic\babel\babel.sty"
Package: babel 2017/05/19 3.10 The Babel package

*************************************
* Local config file bblopts.cfg used
*
("C:\Program Files\MiKTeX 2.9\tex\latex\arabi\bblopts.cfg"
File: bblopts.cfg 2005/09/08 v0.1 add Arabic and Farsi to "declared" options of
 babel
)
("C:\Program Files\MiKTeX 2.9\tex\latex\babel-spanish\spanish.ldf"
Language: spanish.ldf 2016/03/03 v5.0p Spanish support from the babel system

("C:\Program Files\MiKTeX 2.9\tex\generic\babel\babel.def"
File: babel.def 2017/05/19 3.10 Babel common definitions
\babel@savecnt=\count88
\U@D=\dimen105
)
\es@quottoks=\toks15
\es@quotdepth=\count89
Package babel Info: Making " an active character on input line 561.
Package babel Info: Making . an active character on input line 662.
Package babel Info: Making < an active character on input line 707.
Package babel Info: Making > an active character on input line 707.
))
("C:\Program Files\MiKTeX 2.9\tex\latex\base\inputenc.sty"
Package: inputenc 2015/03/17 v1.2c Input encoding file
\inpenc@prehook=\toks16
\inpenc@posthook=\toks17

("C:\Program Files\MiKTeX 2.9\tex\latex\base\latin1.def"
File: latin1.def 2015/03/17 v1.2c Input encoding file
))
("C:\Program Files\MiKTeX 2.9\tex\latex\makecell\makecell.sty"
Package: makecell 2009/08/03 V0.1e Managing of Tab Column Heads and Cells

("C:\Program Files\MiKTeX 2.9\tex\latex\tools\array.sty"
Package: array 2016/10/06 v2.4d Tabular extension package (FMi)
\col@sep=\dimen106
\extrarowheight=\dimen107
\NC@list=\toks18
\extratabsurround=\skip43
\backup@length=\skip44
)
\rotheadsize=\dimen108
\c@nlinenum=\count90
\TeXr@lab=\toks19
)
("C:\Program Files\MiKTeX 2.9\tex\latex\fancyhdr\fancyhdr.sty"
Package: fancyhdr 2016/10/11 v3.9 Extensive control of page headers and footers

\f@nch@headwidth=\skip45
\f@nch@O@elh=\skip46
\f@nch@O@erh=\skip47
\f@nch@O@olh=\skip48
\f@nch@O@orh=\skip49
\f@nch@O@elf=\skip50
\f@nch@O@erf=\skip51
\f@nch@O@olf=\skip52
\f@nch@O@orf=\skip53
)
("C:\Program Files\MiKTeX 2.9\tex\latex\caption\caption2.sty"
Package: caption2 2015/09/15 v2.2-100 Customising captions (AR)


Package caption2 Warning: ****************************************************
(caption2)                THIS PACKAGE IS OBSOLETE:
(caption2)                This package attempts to provide an `caption2'
(caption2)                package v2.0/2.1 author environment so that OLD
(caption2)                documents can be successfully processed. It should
(caption2)                NOT be used for NEW documents! New documents should
(caption2)                use the regular `caption' package v3.x instead.
(caption2)                ****************************************************

("C:\Program Files\MiKTeX 2.9\tex\latex\caption\caption3.sty"
Package: caption3 2016/05/22 v1.7-166 caption3 kernel (AR)
Package caption3 Info: TeX engine: e-TeX on input line 67.
\captionmargin=\dimen109
\captionmargin@=\dimen110
\captionwidth=\dimen111
\caption@tempdima=\dimen112
\caption@indent=\dimen113
\caption@parindent=\dimen114
\caption@hangindent=\dimen115
)
Package caption2 Info: Running in caption2 v2.0 compatibility mode on input lin
e 221.
\captionlinewidth=\dimen116
\realcaptionwidth=\dimen117
)
("C:\Program Files\MiKTeX 2.9\tex\latex\geometry\geometry.sty"
Package: geometry 2010/09/12 v5.6 Page Geometry

("C:\Program Files\MiKTeX 2.9\tex\generic\oberdiek\ifpdf.sty"
Package: ifpdf 2017/03/15 v3.2 Provides the ifpdf switch
)
("C:\Program Files\MiKTeX 2.9\tex\generic\oberdiek\ifvtex.sty"
Package: ifvtex 2016/05/16 v1.6 Detect VTeX and its facilities (HO)
Package ifvtex Info: VTeX not detected.
)
("C:\Program Files\MiKTeX 2.9\tex\generic\ifxetex\ifxetex.sty"
Package: ifxetex 2010/09/12 v0.6 Provides ifxetex conditional
)
\Gm@cnth=\count91
\Gm@cntv=\count92
\c@Gm@tempcnt=\count93
\Gm@bindingoffset=\dimen118
\Gm@wd@mp=\dimen119
\Gm@odd@mp=\dimen120
\Gm@even@mp=\dimen121
\Gm@layoutwidth=\dimen122
\Gm@layoutheight=\dimen123
\Gm@layouthoffset=\dimen124
\Gm@layoutvoffset=\dimen125
\Gm@dimlist=\toks20

("C:\Program Files\MiKTeX 2.9\tex\latex\geometry\geometry.cfg"))
("C:\Program Files\MiKTeX 2.9\tex\latex\base\makeidx.sty"
Package: makeidx 2014/09/29 v1.0m Standard LaTeX package
)
("C:\Program Files\MiKTeX 2.9\tex\latex\placeins\placeins.sty"
Package: placeins 2005/04/18  v 2.2
)
("C:\Program Files\MiKTeX 2.9\tex\latex\base\latexsym.sty"
Package: latexsym 1998/08/17 v2.2e Standard LaTeX package (lasy symbols)
\symlasy=\mathgroup4
LaTeX Font Info:    Overwriting symbol font `lasy' in version `bold'
(Font)                  U/lasy/m/n --> U/lasy/b/n on input line 52.
)
("C:\Program Files\MiKTeX 2.9\tex\latex\amsfonts\amssymb.sty"
Package: amssymb 2013/01/14 v3.01 AMS font symbols

("C:\Program Files\MiKTeX 2.9\tex\latex\amsfonts\amsfonts.sty"
Package: amsfonts 2013/01/14 v3.01 Basic AMSFonts support
\@emptytoks=\toks21
\symAMSa=\mathgroup5
\symAMSb=\mathgroup6
LaTeX Font Info:    Overwriting math alphabet `\mathfrak' in version `bold'
(Font)                  U/euf/m/n --> U/euf/b/n on input line 106.
))
("C:\Program Files\MiKTeX 2.9\tex\latex\amsfonts\eucal.sty"
Package: eucal 2009/06/22 v3.00 Euler Script fonts
LaTeX Font Info:    Overwriting math alphabet `\EuScript' in version `bold'
(Font)                  U/eus/m/n --> U/eus/b/n on input line 33.
)
("C:\Program Files\MiKTeX 2.9\tex\latex\xcolor\xcolor.sty"
Package: xcolor 2016/05/11 v2.12 LaTeX color extensions (UK)

("C:\Program Files\MiKTeX 2.9\tex\latex\graphics-cfg\color.cfg"
File: color.cfg 2016/01/02 v1.6 sample color configuration
)
Package xcolor Info: Driver file: pdftex.def on input line 225.

("C:\Program Files\MiKTeX 2.9\tex\latex\graphics-def\pdftex.def"
File: pdftex.def 2017/01/12 v0.06k Graphics/color for pdfTeX

("C:\Program Files\MiKTeX 2.9\tex\generic\oberdiek\infwarerr.sty"
Package: infwarerr 2016/05/16 v1.4 Providing info/warning/error messages (HO)
)
("C:\Program Files\MiKTeX 2.9\tex\generic\oberdiek\ltxcmds.sty"
Package: ltxcmds 2016/05/16 v1.23 LaTeX kernel commands for general use (HO)
)
\Gread@gobject=\count94
)
Package xcolor Info: Model `cmy' substituted by `cmy0' on input line 1348.
Package xcolor Info: Model `RGB' extended on input line 1364.
Package xcolor Info: Model `HTML' substituted by `rgb' on input line 1366.
Package xcolor Info: Model `Hsb' substituted by `hsb' on input line 1367.
Package xcolor Info: Model `tHsb' substituted by `hsb' on input line 1368.
Package xcolor Info: Model `HSB' substituted by `hsb' on input line 1369.
Package xcolor Info: Model `Gray' substituted by `gray' on input line 1370.
Package xcolor Info: Model `wave' substituted by `hsb' on input line 1371.
)
("C:\Program Files\MiKTeX 2.9\tex\latex\sectsty\sectsty.sty"
Package: sectsty 2002/02/25 v2.0.2 Commands to change all sectional heading sty
les
)
("C:\Program Files\MiKTeX 2.9\tex\latex\acronym\acronym.sty"
Package: acronym 2015/03/21 v1.41 Support for acronyms (Tobias Oetiker)

("C:\Program Files\MiKTeX 2.9\tex\latex\bigfoot\suffix.sty"
Package: suffix 2006/07/15 1.5a Variant command support
)
("C:\Program Files\MiKTeX 2.9\tex\latex\xstring\xstring.sty"
("C:\Program Files\MiKTeX 2.9\tex\generic\xstring\xstring.tex"
\@xs@message=\write3
\integerpart=\count95
\decimalpart=\count96
)
Package: xstring 2013/10/13  v1.7c  String manipulations (C Tellechea)
)
\AC@clearlist=\toks22
)
("C:\Program Files\MiKTeX 2.9\tex\latex\setspace\setspace.sty"
Package: setspace 2011/12/19 v6.7a set line spacing
)
\@indexfile=\write4
\openout4 = `plantilla_PFC.idx'.


Writing index file plantilla_PFC.idx

LaTeX Warning: Unused global option(s):
    [twosides].

(plantilla_PFC.aux
LaTeX Info: Redefining \. on input line 7.
LaTeX Info: Redefining \% on input line 7.
 (agradecimientos.aux) (resumen.aux) (abstract.aux)
(acronimos.aux) (objetivo.aux) (introduccion.aux) (metodologia.aux)
(descripcion_informatica.aux) (conclusiones.aux) (anexos.aux))
\openout1 = `plantilla_PFC.aux'.

LaTeX Font Info:    Checking defaults for OML/cmm/m/it on input line 40.
LaTeX Font Info:    ... okay on input line 40.
LaTeX Font Info:    Checking defaults for T1/cmr/m/n on input line 40.
LaTeX Font Info:    ... okay on input line 40.
LaTeX Font Info:    Checking defaults for OT1/cmr/m/n on input line 40.
LaTeX Font Info:    ... okay on input line 40.
LaTeX Font Info:    Checking defaults for OMS/cmsy/m/n on input line 40.
LaTeX Font Info:    ... okay on input line 40.
LaTeX Font Info:    Checking defaults for OMX/cmex/m/n on input line 40.
LaTeX Font Info:    ... okay on input line 40.
LaTeX Font Info:    Checking defaults for U/cmr/m/n on input line 40.
LaTeX Font Info:    ... okay on input line 40.
LaTeX Info: Redefining \. on input line 40.
LaTeX Info: Redefining \% on input line 40.
Package caption Info: Begin \AtBeginDocument code.
Package caption Info: End \AtBeginDocument code.

*geometry* driver: auto-detecting
*geometry* detected driver: pdftex
*geometry* verbose mode - [ preamble ] result:
* driver: pdftex
* paper: a4paper
* layout: <same size as paper>
* layoutoffset:(h,v)=(0.0pt,0.0pt)
* modes: twoside 
* h-part:(L,W,R)=(71.13188pt, 455.24411pt, 71.13188pt)
* v-part:(T,H,B)=(71.13188pt, 702.78308pt, 71.13188pt)
* \paperwidth=597.50787pt
* \paperheight=845.04684pt
* \textwidth=455.24411pt
* \textheight=702.78308pt
* \oddsidemargin=-1.1381pt
* \evensidemargin=-1.1381pt
* \topmargin=-33.0119pt
* \headheight=12.0pt
* \headsep=19.8738pt
* \topskip=12.0pt
* \footskip=30.0pt
* \marginparwidth=88.0pt
* \marginparsep=7.0pt
* \columnsep=10.0pt
* \skip\footins=10.8pt plus 4.0pt minus 2.0pt
* \hoffset=0.0pt
* \voffset=0.0pt
* \mag=1000
* \@twocolumnfalse
* \@twosidetrue
* \@mparswitchtrue
* \@reversemarginfalse
* (1in=72.27pt=25.4mm, 1cm=28.453pt)

("C:\Program Files\MiKTeX 2.9\tex\context\base\supp-pdf.mkii"
[Loading MPS to PDF converter (version 2006.09.02).]
\scratchcounter=\count97
\scratchdimen=\dimen126
\scratchbox=\box26
\nofMPsegments=\count98
\nofMParguments=\count99
\everyMPshowfont=\toks23
\MPscratchCnt=\count100
\MPscratchDim=\dimen127
\MPnumerator=\count101
\makeMPintoPDFobject=\count102
\everyMPtoPDFconversion=\toks24
) ("C:\Program Files\MiKTeX 2.9\tex\generic\oberdiek\pdftexcmds.sty"
Package: pdftexcmds 2017/03/19 v0.25 Utility functions of pdfTeX for LuaTeX (HO
)

("C:\Program Files\MiKTeX 2.9\tex\generic\oberdiek\ifluatex.sty"
Package: ifluatex 2016/05/16 v1.4 Provides the ifluatex switch (HO)
Package ifluatex Info: LuaTeX not detected.
)
Package pdftexcmds Info: LuaTeX not detected.
Package pdftexcmds Info: \pdf@primitive is available.
Package pdftexcmds Info: \pdf@ifprimitive is available.
Package pdftexcmds Info: \pdfdraftmode found.
)
("C:\Program Files\MiKTeX 2.9\tex\latex\oberdiek\epstopdf-base.sty"
Package: epstopdf-base 2016/05/15 v2.6 Base part for package epstopdf

("C:\Program Files\MiKTeX 2.9\tex\latex\oberdiek\grfext.sty"
Package: grfext 2016/05/16 v1.2 Manage graphics extensions (HO)

("C:\Program Files\MiKTeX 2.9\tex\generic\oberdiek\kvdefinekeys.sty"
Package: kvdefinekeys 2016/05/16 v1.4 Define keys (HO)
))
("C:\Program Files\MiKTeX 2.9\tex\latex\oberdiek\kvoptions.sty"
Package: kvoptions 2016/05/16 v3.12 Key value format for package options (HO)

("C:\Program Files\MiKTeX 2.9\tex\generic\oberdiek\kvsetkeys.sty"
Package: kvsetkeys 2016/05/16 v1.17 Key value parser (HO)

("C:\Program Files\MiKTeX 2.9\tex\generic\oberdiek\etexcmds.sty"
Package: etexcmds 2016/05/16 v1.6 Avoid name clashes with e-TeX commands (HO)
Package etexcmds Info: Could not find \expanded.
(etexcmds)             That can mean that you are not using pdfTeX 1.50 or
(etexcmds)             that some package has redefined \expanded.
(etexcmds)             In the latter case, load this package earlier.
)))
Package epstopdf-base Info: Redefining graphics rule for `.eps' on input line 4
38.
Package grfext Info: Graphics extension search list:
(grfext)             [.png,.pdf,.jpg,.mps,.jpeg,.jbig2,.jb2,.PNG,.PDF,.JPG,.JPE
G,.JBIG2,.JB2,.eps]
(grfext)             \AppendGraphicsExtensions on input line 456.
)
Package epstopdf Info: Source file: <logo_upm.eps>
(epstopdf)                    date: 2017-06-25 18:33:46
(epstopdf)                    size: 1724776 bytes
(epstopdf)             Output file: <logo_upm-eps-converted-to.pdf>
(epstopdf)                    date: 2017-06-25 18:36:53
(epstopdf)                    size: 388950 bytes
(epstopdf)             Command: <epstopdf --outfile=logo_upm-eps-converted-to.p
df logo_upm.eps>
(epstopdf)             \includegraphics on input line 70.
Package epstopdf Info: Output file is already uptodate.

<logo_upm-eps-converted-to.pdf, id=1, 616.3025pt x 676.5275pt>
File: logo_upm-eps-converted-to.pdf Graphic file (type pdf)

<use logo_upm-eps-converted-to.pdf>
Package pdftex.def Info: logo_upm-eps-converted-to.pdf used on input line 70.
(pdftex.def)             Requested size: 616.301pt x 676.52583pt.
 [0
Non-PDF special ignored!

{C:/ProgramData/MiKTeX/2.9/pdftex/config/pdftex.map} <./logo_upm-eps-converted-
to.pdf>]
\openout2 = `agradecimientos.aux'.

 (agradecimientos.tex) [1



]
\openout2 = `resumen.aux'.

 (resumen.tex
Package epstopdf Info: Source file: <logo_upm.eps>
(epstopdf)                    date: 2017-06-25 18:33:46
(epstopdf)                    size: 1724776 bytes
(epstopdf)             Output file: <logo_upm-eps-converted-to.pdf>
(epstopdf)                    date: 2017-06-25 18:36:53
(epstopdf)                    size: 388950 bytes
(epstopdf)             Command: <epstopdf --outfile=logo_upm-eps-converted-to.p
df logo_upm.eps>
(epstopdf)             \includegraphics on input line 1.
Package epstopdf Info: Output file is already uptodate.
File: logo_upm-eps-converted-to.pdf Graphic file (type pdf)

<use logo_upm-eps-converted-to.pdf>
Package pdftex.def Info: logo_upm-eps-converted-to.pdf used on input line 1.
(pdftex.def)             Requested size: 616.301pt x 676.52583pt.


Package Fancyhdr Warning: \headheight is too small (12.0pt): 
 Make it at least 33.55618pt.
 We now make it that large for the rest of the document.
 This may cause the page layout to be inconsistent, however.

[2



]
Underfull \hbox (badness 10000) in paragraph at lines 4--5

 []


Underfull \hbox (badness 10000) in paragraph at lines 6--8

 []

) [3]
\openout2 = `abstract.aux'.

 (abstract.tex
Package epstopdf Info: Source file: <logo_upm.eps>
(epstopdf)                    date: 2017-06-25 18:33:46
(epstopdf)                    size: 1724776 bytes
(epstopdf)             Output file: <logo_upm-eps-converted-to.pdf>
(epstopdf)                    date: 2017-06-25 18:36:53
(epstopdf)                    size: 388950 bytes
(epstopdf)             Command: <epstopdf --outfile=logo_upm-eps-converted-to.p
df logo_upm.eps>
(epstopdf)             \includegraphics on input line 1.
Package epstopdf Info: Output file is already uptodate.
File: logo_upm-eps-converted-to.pdf Graphic file (type pdf)
 <use logo_upm-eps-converted-to.pdf>
Package pdftex.def Info: logo_upm-eps-converted-to.pdf used on input line 1.
(pdftex.def)             Requested size: 616.301pt x 676.52583pt.
 [4



]
Underfull \hbox (badness 10000) in paragraph at lines 4--5

 []


Underfull \hbox (badness 10000) in paragraph at lines 6--7

 []

) [5]
\openout2 = `acronimos.aux'.

 (acronimos.tex
Package epstopdf Info: Source file: <logo_upm.eps>
(epstopdf)                    date: 2017-06-25 18:33:46
(epstopdf)                    size: 1724776 bytes
(epstopdf)             Output file: <logo_upm-eps-converted-to.pdf>
(epstopdf)                    date: 2017-06-25 18:36:53
(epstopdf)                    size: 388950 bytes
(epstopdf)             Command: <epstopdf --outfile=logo_upm-eps-converted-to.p
df logo_upm.eps>
(epstopdf)             \includegraphics on input line 1.
Package epstopdf Info: Output file is already uptodate.
File: logo_upm-eps-converted-to.pdf Graphic file (type pdf)
 <use logo_upm-eps-converted-to.pdf>
Package pdftex.def Info: logo_upm-eps-converted-to.pdf used on input line 1.
(pdftex.def)             Requested size: 616.301pt x 676.52583pt.
 [6



]) [7]
\openout2 = `objetivo.aux'.

 (objetivo.tex
Package epstopdf Info: Source file: <logo_upm.eps>
(epstopdf)                    date: 2017-06-25 18:33:46
(epstopdf)                    size: 1724776 bytes
(epstopdf)             Output file: <logo_upm-eps-converted-to.pdf>
(epstopdf)                    date: 2017-06-25 18:36:53
(epstopdf)                    size: 388950 bytes
(epstopdf)             Command: <epstopdf --outfile=logo_upm-eps-converted-to.p
df logo_upm.eps>
(epstopdf)             \includegraphics on input line 1.
Package epstopdf Info: Output file is already uptodate.
File: logo_upm-eps-converted-to.pdf Graphic file (type pdf)
<use logo_upm-eps-converted-to.pdf>
Package pdftex.def Info: logo_upm-eps-converted-to.pdf used on input line 1.
(pdftex.def)             Requested size: 616.301pt x 676.52583pt.
 [8



]
Package acronym Info: Label `acro:TFM' newly defined as it shall be overridden
although it is yet undefined on input line 2.
Package acronym Info: Label `acro:CMS' newly defined as it shall be overridden
although it is yet undefined on input line 12.
 [9])
Package epstopdf Info: Source file: <logo_upm.eps>
(epstopdf)                    date: 2017-06-25 18:33:46
(epstopdf)                    size: 1724776 bytes
(epstopdf)             Output file: <logo_upm-eps-converted-to.pdf>
(epstopdf)                    date: 2017-06-25 18:36:53
(epstopdf)                    size: 388950 bytes
(epstopdf)             Command: <epstopdf --outfile=logo_upm-eps-converted-to.p
df logo_upm.eps>
(epstopdf)             \includegraphics on input line 131.
Package epstopdf Info: Output file is already uptodate.
File: logo_upm-eps-converted-to.pdf Graphic file (type pdf)

<use logo_upm-eps-converted-to.pdf>
Package pdftex.def Info: logo_upm-eps-converted-to.pdf used on input line 131.
(pdftex.def)             Requested size: 616.301pt x 676.52583pt.
 [10] (plantilla_PFC.toc
LaTeX Info: Redefining \. on input line 1.
LaTeX Info: Redefining \% on input line 1.


LaTeX Font Warning: Font shape `OT1/cmr/bx/sc' undefined
(Font)              using `OT1/cmr/bx/n' instead on input line 2.


Package spanish Warning: Replacing `OT1/cmr/bx/sc' by 
(spanish)                faked small caps on input line 2.


Package spanish Warning: Replacing `OT1/cmr/bx/sc' by 
(spanish)                faked small caps on input line 3.


Package spanish Warning: Replacing `OT1/cmr/bx/sc' by 
(spanish)                faked small caps on input line 4.


Package spanish Warning: Replacing `OT1/cmr/bx/sc' by 
(spanish)                faked small caps on input line 5.


Package spanish Warning: Replacing `OT1/cmr/bx/sc' by 
(spanish)                faked small caps on input line 6.

LaTeX Font Info:    Try loading font information for U+lasy on input line 7.
("C:\Program Files\MiKTeX 2.9\tex\latex\base\ulasy.fd"
File: ulasy.fd 1998/08/17 v2.2e LaTeX symbol font definitions
)
LaTeX Font Info:    Try loading font information for U+msa on input line 7.

("C:\Program Files\MiKTeX 2.9\tex\latex\amsfonts\umsa.fd"
File: umsa.fd 2013/01/14 v3.01 AMS symbols A
)
LaTeX Font Info:    Try loading font information for U+msb on input line 7.

("C:\Program Files\MiKTeX 2.9\tex\latex\amsfonts\umsb.fd"
File: umsb.fd 2013/01/14 v3.01 AMS symbols B
) [11


])
\tf@toc=\write5
\openout5 = `plantilla_PFC.toc'.

Package epstopdf Info: Source file: <logo_upm.eps>
(epstopdf)                    date: 2017-06-25 18:33:46
(epstopdf)                    size: 1724776 bytes
(epstopdf)             Output file: <logo_upm-eps-converted-to.pdf>
(epstopdf)                    date: 2017-06-25 18:36:53
(epstopdf)                    size: 388950 bytes
(epstopdf)             Command: <epstopdf --outfile=logo_upm-eps-converted-to.p
df logo_upm.eps>
(epstopdf)             \includegraphics on input line 136.
Package epstopdf Info: Output file is already uptodate.
File: logo_upm-eps-converted-to.pdf Graphic file (type pdf)

<use logo_upm-eps-converted-to.pdf>
Package pdftex.def Info: logo_upm-eps-converted-to.pdf used on input line 136.
(pdftex.def)             Requested size: 616.301pt x 676.52583pt.
 [12] (plantilla_PFC.lof
LaTeX Info: Redefining \. on input line 1.
LaTeX Info: Redefining \% on input line 1.
)
\tf@lof=\write6
\openout6 = `plantilla_PFC.lof'.

 [13

]
Package epstopdf Info: Source file: <logo_upm.eps>
(epstopdf)                    date: 2017-06-25 18:33:46
(epstopdf)                    size: 1724776 bytes
(epstopdf)             Output file: <logo_upm-eps-converted-to.pdf>
(epstopdf)                    date: 2017-06-25 18:36:53
(epstopdf)                    size: 388950 bytes
(epstopdf)             Command: <epstopdf --outfile=logo_upm-eps-converted-to.p
df logo_upm.eps>
(epstopdf)             \includegraphics on input line 138.
Package epstopdf Info: Output file is already uptodate.
File: logo_upm-eps-converted-to.pdf Graphic file (type pdf)

<use logo_upm-eps-converted-to.pdf>
Package pdftex.def Info: logo_upm-eps-converted-to.pdf used on input line 138.
(pdftex.def)             Requested size: 616.301pt x 676.52583pt.
 [14

]
\openout2 = `introduccion.aux'.

 (introduccion.tex
Cap\'{\i }tulo 1.

Underfull \hbox (badness 10000) in paragraph at lines 6--8

 []

[1


]
Underfull \hbox (badness 10000) in paragraph at lines 11--12

 []


Underfull \hbox (badness 10000) in paragraph at lines 13--14

 []


Underfull \hbox (badness 10000) in paragraph at lines 15--16

 []


Underfull \hbox (badness 10000) in paragraph at lines 17--18

 []

Package epstopdf Info: Source file: <logo_upm.eps>
(epstopdf)                    date: 2017-06-25 18:33:46
(epstopdf)                    size: 1724776 bytes
(epstopdf)             Output file: <logo_upm-eps-converted-to.pdf>
(epstopdf)                    date: 2017-06-25 18:36:53
(epstopdf)                    size: 388950 bytes
(epstopdf)             Command: <epstopdf --outfile=logo_upm-eps-converted-to.p
df logo_upm.eps>
(epstopdf)             \includegraphics on input line 18.
Package epstopdf Info: Output file is already uptodate.
File: logo_upm-eps-converted-to.pdf Graphic file (type pdf)
<use logo_upm-eps-converted-to.pdf>
Package pdftex.def Info: logo_upm-eps-converted-to.pdf used on input line 18.
(pdftex.def)             Requested size: 616.301pt x 676.52583pt.
 [2]
Underfull \hbox (badness 10000) in paragraph at lines 19--20

 []


Underfull \hbox (badness 10000) in paragraph at lines 21--22

 []

<logo_master.png, id=81, 91.42155pt x 42.27795pt>
File: logo_master.png Graphic file (type png)
 <use logo_master.png>
Package pdftex.def Info: logo_master.png used on input line 34.
(pdftex.def)             Requested size: 91.42131pt x 42.27783pt.

[3 <./logo_master.png>]
Package epstopdf Info: Source file: <logo_upm.eps>
(epstopdf)                    date: 2017-06-25 18:33:46
(epstopdf)                    size: 1724776 bytes
(epstopdf)             Output file: <logo_upm-eps-converted-to.pdf>
(epstopdf)                    date: 2017-06-25 18:36:53
(epstopdf)                    size: 388950 bytes
(epstopdf)             Command: <epstopdf --outfile=logo_upm-eps-converted-to.p
df logo_upm.eps>
(epstopdf)             \includegraphics on input line 58.
Package epstopdf Info: Output file is already uptodate.
File: logo_upm-eps-converted-to.pdf Graphic file (type pdf)
 <use logo_upm-eps-converted-to.pdf>
Package pdftex.def Info: logo_upm-eps-converted-to.pdf used on input line 58.
(pdftex.def)             Requested size: 616.301pt x 676.52583pt.
 [4]
Package acronym Info: Label `acro:HTML' newly defined as it shall be overridden

although it is yet undefined on input line 62.
Package acronym Info: Label `acro:CSS' newly defined as it shall be overridden
although it is yet undefined on input line 62.

Underfull \hbox (badness 10000) in paragraph at lines 62--64

 []

File: logo_master.png Graphic file (type png)
<use logo_master.png>
Package pdftex.def Info: logo_master.png used on input line 80.
(pdftex.def)             Requested size: 91.42131pt x 42.27783pt.
 [5]
Package acronym Info: Label `acro:W3C' newly defined as it shall be overridden
although it is yet undefined on input line 83.

Underfull \hbox (badness 10000) in paragraph at lines 83--85

 []


Underfull \hbox (badness 10000) in paragraph at lines 101--104

 []

Package epstopdf Info: Source file: <logo_upm.eps>
(epstopdf)                    date: 2017-06-25 18:33:46
(epstopdf)                    size: 1724776 bytes
(epstopdf)             Output file: <logo_upm-eps-converted-to.pdf>
(epstopdf)                    date: 2017-06-25 18:36:53
(epstopdf)                    size: 388950 bytes
(epstopdf)             Command: <epstopdf --outfile=logo_upm-eps-converted-to.p
df logo_upm.eps>
(epstopdf)             \includegraphics on input line 104.
Package epstopdf Info: Output file is already uptodate.
File: logo_upm-eps-converted-to.pdf Graphic file (type pdf)
<use logo_upm-eps-converted-to.pdf>
Package pdftex.def Info: logo_upm-eps-converted-to.pdf used on input line 104.
(pdftex.def)             Requested size: 616.301pt x 676.52583pt.
 [6]
Underfull \hbox (badness 10000) in paragraph at lines 105--106

 []


Underfull \hbox (badness 10000) in paragraph at lines 120--121

 []

File: logo_master.png Graphic file (type png)
<use logo_master.png>
Package pdftex.def Info: logo_master.png used on input line 122.
(pdftex.def)             Requested size: 91.42131pt x 42.27783pt.
 [7]
Underfull \hbox (badness 10000) in paragraph at lines 122--123

 []


Underfull \hbox (badness 10000) in paragraph at lines 124--126

 []

Package acronym Info: Label `acro:JSON' newly defined as it shall be overridden

although it is yet undefined on input line 148.

Underfull \hbox (badness 10000) in paragraph at lines 148--150

 []


Underfull \vbox (badness 4205) has occurred while \output is active []

Package epstopdf Info: Source file: <logo_upm.eps>
(epstopdf)                    date: 2017-06-25 18:33:46
(epstopdf)                    size: 1724776 bytes
(epstopdf)             Output file: <logo_upm-eps-converted-to.pdf>
(epstopdf)                    date: 2017-06-25 18:36:53
(epstopdf)                    size: 388950 bytes
(epstopdf)             Command: <epstopdf --outfile=logo_upm-eps-converted-to.p
df logo_upm.eps>
(epstopdf)             \includegraphics on input line 150.
Package epstopdf Info: Output file is already uptodate.
File: logo_upm-eps-converted-to.pdf Graphic file (type pdf)

<use logo_upm-eps-converted-to.pdf>
Package pdftex.def Info: logo_upm-eps-converted-to.pdf used on input line 150.
(pdftex.def)             Requested size: 616.301pt x 676.52583pt.
 [8]
File: logo_master.png Graphic file (type png)
 <use logo_master.png>
Package pdftex.def Info: logo_master.png used on input line 180.
(pdftex.def)             Requested size: 91.42131pt x 42.27783pt.
 [9]
Underfull \hbox (badness 10000) in paragraph at lines 185--186

 []


Underfull \hbox (badness 10000) in paragraph at lines 187--188

 []


Underfull \hbox (badness 10000) in paragraph at lines 189--190

 []

Package acronym Info: Label `acro:SPA' newly defined as it shall be overridden
although it is yet undefined on input line 194.

Underfull \hbox (badness 10000) in paragraph at lines 194--195

 []

Package epstopdf Info: Source file: <logo_upm.eps>
(epstopdf)                    date: 2017-06-25 18:33:46
(epstopdf)                    size: 1724776 bytes
(epstopdf)             Output file: <logo_upm-eps-converted-to.pdf>
(epstopdf)                    date: 2017-06-25 18:36:53
(epstopdf)                    size: 388950 bytes
(epstopdf)             Command: <epstopdf --outfile=logo_upm-eps-converted-to.p
df logo_upm.eps>
(epstopdf)             \includegraphics on input line 195.
Package epstopdf Info: Output file is already uptodate.
File: logo_upm-eps-converted-to.pdf Graphic file (type pdf)
<use logo_upm-eps-converted-to.pdf>
Package pdftex.def Info: logo_upm-eps-converted-to.pdf used on input line 195.
(pdftex.def)             Requested size: 616.301pt x 676.52583pt.
 [10]
Underfull \hbox (badness 10000) in paragraph at lines 196--197

 []


Underfull \hbox (badness 10000) in paragraph at lines 198--199

 []


Underfull \hbox (badness 10000) in paragraph at lines 204--205

 []

Package acronym Info: Label `acro:DOM' newly defined as it shall be overridden
although it is yet undefined on input line 206.
File: logo_master.png Graphic file (type png)
<use logo_master.png>
Package pdftex.def Info: logo_master.png used on input line 210.
(pdftex.def)             Requested size: 91.42131pt x 42.27783pt.
 [11]
Package epstopdf Info: Source file: <logo_upm.eps>
(epstopdf)                    date: 2017-06-25 18:33:46
(epstopdf)                    size: 1724776 bytes
(epstopdf)             Output file: <logo_upm-eps-converted-to.pdf>
(epstopdf)                    date: 2017-06-25 18:36:53
(epstopdf)                    size: 388950 bytes
(epstopdf)             Command: <epstopdf --outfile=logo_upm-eps-converted-to.p
df logo_upm.eps>
(epstopdf)             \includegraphics on input line 240.
Package epstopdf Info: Output file is already uptodate.
File: logo_upm-eps-converted-to.pdf Graphic file (type pdf)
 <use logo_upm-eps-converted-to.pdf>
Package pdftex.def Info: logo_upm-eps-converted-to.pdf used on input line 240.
(pdftex.def)             Requested size: 616.301pt x 676.52583pt.
 [12]
Package acronym Info: Label `acro:HTTP' newly defined as it shall be overridden

although it is yet undefined on input line 241.

Underfull \hbox (badness 10000) in paragraph at lines 241--242

 []


Underfull \hbox (badness 10000) in paragraph at lines 246--247

 []


Underfull \hbox (badness 10000) in paragraph at lines 248--249

 []

File: logo_master.png Graphic file (type png)
<use logo_master.png>
Package pdftex.def Info: logo_master.png used on input line 255.
(pdftex.def)             Requested size: 91.42131pt x 42.27783pt.
 [13]
Package epstopdf Info: Source file: <logo_upm.eps>
(epstopdf)                    date: 2017-06-25 18:33:46
(epstopdf)                    size: 1724776 bytes
(epstopdf)             Output file: <logo_upm-eps-converted-to.pdf>
(epstopdf)                    date: 2017-06-25 18:36:53
(epstopdf)                    size: 388950 bytes
(epstopdf)             Command: <epstopdf --outfile=logo_upm-eps-converted-to.p
df logo_upm.eps>
(epstopdf)             \includegraphics on input line 283.
Package epstopdf Info: Output file is already uptodate.
File: logo_upm-eps-converted-to.pdf Graphic file (type pdf)
 <use logo_upm-eps-converted-to.pdf>
Package pdftex.def Info: logo_upm-eps-converted-to.pdf used on input line 283.
(pdftex.def)             Requested size: 616.301pt x 676.52583pt.
 [14]
Package acronym Info: Label `acro:FTP' newly defined as it shall be overridden
although it is yet undefined on input line 286.
Package acronym Info: Label `acro:SSH' newly defined as it shall be overridden
although it is yet undefined on input line 286.
)
File: logo_master.png Graphic file (type png)

<use logo_master.png>
Package pdftex.def Info: logo_master.png used on input line 144.
(pdftex.def)             Requested size: 91.42131pt x 42.27783pt.
 [15]
\openout2 = `metodologia.aux'.

 (metodologia.tex
Package epstopdf Info: Source file: <logo_upm.eps>
(epstopdf)                    date: 2017-06-25 18:33:46
(epstopdf)                    size: 1724776 bytes
(epstopdf)             Output file: <logo_upm-eps-converted-to.pdf>
(epstopdf)                    date: 2017-06-25 18:36:53
(epstopdf)                    size: 388950 bytes
(epstopdf)             Command: <epstopdf --outfile=logo_upm-eps-converted-to.p
df logo_upm.eps>
(epstopdf)             \includegraphics on input line 1.
Package epstopdf Info: Output file is already uptodate.
File: logo_upm-eps-converted-to.pdf Graphic file (type pdf)

<use logo_upm-eps-converted-to.pdf>
Package pdftex.def Info: logo_upm-eps-converted-to.pdf used on input line 1.
(pdftex.def)             Requested size: 616.301pt x 676.52583pt.
 [16



]
Cap\'{\i }tulo 2.

Underfull \hbox (badness 10000) in paragraph at lines 5--6

 []


Underfull \hbox (badness 10000) in paragraph at lines 17--18

 []

[17]
Underfull \hbox (badness 10000) in paragraph at lines 19--20

 []


Underfull \hbox (badness 10000) in paragraph at lines 24--25

 []

Package epstopdf Info: Source file: <logo_upm.eps>
(epstopdf)                    date: 2017-06-25 18:33:46
(epstopdf)                    size: 1724776 bytes
(epstopdf)             Output file: <logo_upm-eps-converted-to.pdf>
(epstopdf)                    date: 2017-06-25 18:36:53
(epstopdf)                    size: 388950 bytes
(epstopdf)             Command: <epstopdf --outfile=logo_upm-eps-converted-to.p
df logo_upm.eps>
(epstopdf)             \includegraphics on input line 31.
Package epstopdf Info: Output file is already uptodate.
File: logo_upm-eps-converted-to.pdf Graphic file (type pdf)
<use logo_upm-eps-converted-to.pdf>
Package pdftex.def Info: logo_upm-eps-converted-to.pdf used on input line 31.
(pdftex.def)             Requested size: 616.301pt x 676.52583pt.
 [18]
Underfull \hbox (badness 3260) in paragraph at lines 59--59
[]|\OT1/cmr/m/n/12 Los re-qui-si-tos se van des-gra-nan-do
 []


Underfull \hbox (badness 10000) in paragraph at lines 71--74

 []

File: logo_master.png Graphic file (type png)
<use logo_master.png>
Package pdftex.def Info: logo_master.png used on input line 74.
(pdftex.def)             Requested size: 91.42131pt x 42.27783pt.
 [19]
Package epstopdf Info: Source file: <logo_upm.eps>
(epstopdf)                    date: 2017-06-25 18:33:46
(epstopdf)                    size: 1724776 bytes
(epstopdf)             Output file: <logo_upm-eps-converted-to.pdf>
(epstopdf)                    date: 2017-06-25 18:36:53
(epstopdf)                    size: 388950 bytes
(epstopdf)             Command: <epstopdf --outfile=logo_upm-eps-converted-to.p
df logo_upm.eps>
(epstopdf)             \includegraphics on input line 78.
Package epstopdf Info: Output file is already uptodate.
File: logo_upm-eps-converted-to.pdf Graphic file (type pdf)
 <use logo_upm-eps-converted-to.pdf>
Package pdftex.def Info: logo_upm-eps-converted-to.pdf used on input line 78.
(pdftex.def)             Requested size: 616.301pt x 676.52583pt.
 [20]
File: logo_master.png Graphic file (type png)

<use logo_master.png>
Package pdftex.def Info: logo_master.png used on input line 98.
(pdftex.def)             Requested size: 91.42131pt x 42.27783pt.
 [21]
Underfull \hbox (badness 10000) in paragraph at lines 115--116

 []


Underfull \hbox (badness 10000) in paragraph at lines 117--118

 []

Package epstopdf Info: Source file: <logo_upm.eps>
(epstopdf)                    date: 2017-06-25 18:33:46
(epstopdf)                    size: 1724776 bytes
(epstopdf)             Output file: <logo_upm-eps-converted-to.pdf>
(epstopdf)                    date: 2017-06-25 18:36:53
(epstopdf)                    size: 388950 bytes
(epstopdf)             Command: <epstopdf --outfile=logo_upm-eps-converted-to.p
df logo_upm.eps>
(epstopdf)             \includegraphics on input line 118.
Package epstopdf Info: Output file is already uptodate.
File: logo_upm-eps-converted-to.pdf Graphic file (type pdf)
<use logo_upm-eps-converted-to.pdf>
Package pdftex.def Info: logo_upm-eps-converted-to.pdf used on input line 118.
(pdftex.def)             Requested size: 616.301pt x 676.52583pt.
 [22])
File: logo_master.png Graphic file (type png)
 <use logo_master.png>
Package pdftex.def Info: logo_master.png used on input line 146.
(pdftex.def)             Requested size: 91.42131pt x 42.27783pt.
 [23]
\openout2 = `descripcion_informatica.aux'.


(descripcion_informatica.tex
Package epstopdf Info: Source file: <logo_upm.eps>
(epstopdf)                    date: 2017-06-25 18:33:46
(epstopdf)                    size: 1724776 bytes
(epstopdf)             Output file: <logo_upm-eps-converted-to.pdf>
(epstopdf)                    date: 2017-06-25 18:36:53
(epstopdf)                    size: 388950 bytes
(epstopdf)             Command: <epstopdf --outfile=logo_upm-eps-converted-to.p
df logo_upm.eps>
(epstopdf)             \includegraphics on input line 1.
Package epstopdf Info: Output file is already uptodate.
File: logo_upm-eps-converted-to.pdf Graphic file (type pdf)
 <use logo_upm-eps-converted-to.pdf>
Package pdftex.def Info: logo_upm-eps-converted-to.pdf used on input line 1.
(pdftex.def)             Requested size: 616.301pt x 676.52583pt.
 [24



]
Cap\'{\i }tulo 3.

Overfull \hbox (3.20665pt too wide) in paragraph at lines 14--14
[]|\OT1/cmr/m/n/12 Sprint| 
 []


Underfull \hbox (badness 10000) in paragraph at lines 15--15
[]|\OT1/cmr/m/n/12 Instalacion de
 []


Underfull \vbox (badness 1102) has occurred while \output is active []

 [25]
Overfull \hbox (3.20665pt too wide) in paragraph at lines 44--44
[]|\OT1/cmr/m/n/12 Sprint| 
 []


Underfull \hbox (badness 10000) in paragraph at lines 45--45
[]|\OT1/cmr/m/n/12 Instalacion de
 []


Underfull \hbox (badness 10000) in paragraph at lines 47--47
[]|\OT1/cmr/m/n/12 Generacion
 []


Underfull \hbox (badness 10000) in paragraph at lines 47--47
\OT1/cmr/m/n/12 de PDF de
 []


Underfull \hbox (badness 2401) in paragraph at lines 48--48
\OT1/cmr/m/n/12 tas pro-gramati-
 []

)
Package epstopdf Info: Source file: <logo_upm.eps>
(epstopdf)                    date: 2017-06-25 18:33:46
(epstopdf)                    size: 1724776 bytes
(epstopdf)             Output file: <logo_upm-eps-converted-to.pdf>
(epstopdf)                    date: 2017-06-25 18:36:53
(epstopdf)                    size: 388950 bytes
(epstopdf)             Command: <epstopdf --outfile=logo_upm-eps-converted-to.p
df logo_upm.eps>
(epstopdf)             \includegraphics on input line 148.
Package epstopdf Info: Output file is already uptodate.
File: logo_upm-eps-converted-to.pdf Graphic file (type pdf)
 <use logo_upm-eps-converted-to.pdf>
Package pdftex.def Info: logo_upm-eps-converted-to.pdf used on input line 148.
(pdftex.def)             Requested size: 616.301pt x 676.52583pt.
 [26]
File: logo_master.png Graphic file (type png)
 <use logo_master.png>
Package pdftex.def Info: logo_master.png used on input line 148.
(pdftex.def)             Requested size: 91.42131pt x 42.27783pt.
 [27]
\openout2 = `conclusiones.aux'.


(conclusiones.tex
Package epstopdf Info: Source file: <logo_upm.eps>
(epstopdf)                    date: 2017-06-25 18:33:46
(epstopdf)                    size: 1724776 bytes
(epstopdf)             Output file: <logo_upm-eps-converted-to.pdf>
(epstopdf)                    date: 2017-06-25 18:36:53
(epstopdf)                    size: 388950 bytes
(epstopdf)             Command: <epstopdf --outfile=logo_upm-eps-converted-to.p
df logo_upm.eps>
(epstopdf)             \includegraphics on input line 1.
Package epstopdf Info: Output file is already uptodate.
File: logo_upm-eps-converted-to.pdf Graphic file (type pdf)
 <use logo_upm-eps-converted-to.pdf>
Package pdftex.def Info: logo_upm-eps-converted-to.pdf used on input line 1.
(pdftex.def)             Requested size: 616.301pt x 676.52583pt.
 [28



]
Cap\'{\i }tulo 4.
) [29]
Package epstopdf Info: Source file: <logo_upm.eps>
(epstopdf)                    date: 2017-06-25 18:33:46
(epstopdf)                    size: 1724776 bytes
(epstopdf)             Output file: <logo_upm-eps-converted-to.pdf>
(epstopdf)                    date: 2017-06-25 18:36:53
(epstopdf)                    size: 388950 bytes
(epstopdf)             Command: <epstopdf --outfile=logo_upm-eps-converted-to.p
df logo_upm.eps>
(epstopdf)             \includegraphics on input line 152.
Package epstopdf Info: Output file is already uptodate.
File: logo_upm-eps-converted-to.pdf Graphic file (type pdf)
 <use logo_upm-eps-converted-to.pdf>
Package pdftex.def Info: logo_upm-eps-converted-to.pdf used on input line 152.
(pdftex.def)             Requested size: 616.301pt x 676.52583pt.
 [30


] (plantilla_PFC.bbl) [31

]
\openout2 = `anexos.aux'.


(anexos.tex
Package epstopdf Info: Source file: <logo_upm.eps>
(epstopdf)                    date: 2017-06-25 18:33:46
(epstopdf)                    size: 1724776 bytes
(epstopdf)             Output file: <logo_upm-eps-converted-to.pdf>
(epstopdf)                    date: 2017-06-25 18:36:53
(epstopdf)                    size: 388950 bytes
(epstopdf)             Command: <epstopdf --outfile=logo_upm-eps-converted-to.p
df logo_upm.eps>
(epstopdf)             \includegraphics on input line 1.
Package epstopdf Info: Output file is already uptodate.
File: logo_upm-eps-converted-to.pdf Graphic file (type pdf)
 <use logo_upm-eps-converted-to.pdf>
Package pdftex.def Info: logo_upm-eps-converted-to.pdf used on input line 1.
(pdftex.def)             Requested size: 616.301pt x 676.52583pt.
 [32


]
Underfull \hbox (badness 10000) in paragraph at lines 6--10

 []

) [33] (plantilla_PFC.aux
LaTeX Info: Redefining \. on input line 7.
LaTeX Info: Redefining \% on input line 7.
 (agradecimientos.aux) (resumen.aux) (abstract.aux)
(acronimos.aux) (objetivo.aux) (introduccion.aux) (metodologia.aux)
(descripcion_informatica.aux) (conclusiones.aux) (anexos.aux))

LaTeX Font Warning: Some font shapes were not available, defaults substituted.

 ) 
Here is how much of TeX's memory you used:
 5582 strings out of 493323
 77904 string characters out of 3139051
 167250 words of memory out of 3000000
 8907 multiletter control sequences out of 15000+200000
 14588 words of font info for 59 fonts, out of 3000000 for 9000
 1141 hyphenation exceptions out of 8191
 39i,17n,51p,1170b,454s stack positions out of 5000i,500n,10000p,200000b,50000s
<C:/Program Files/MiKTeX 2.9/fonts/type1/public/amsfonts/cm/cmbx12.pfb><C:/Pr
ogram Files/MiKTeX 2.9/fonts/type1/public/amsfonts/cm/cmbx8.pfb><C:/Program Fil
es/MiKTeX 2.9/fonts/type1/public/amsfonts/cm/cmbxti10.pfb><C:/Program Files/MiK
TeX 2.9/fonts/type1/public/amsfonts/cm/cmcsc10.pfb><C:/Program Files/MiKTeX 2.9
/fonts/type1/public/amsfonts/cm/cmr10.pfb><C:/Program Files/MiKTeX 2.9/fonts/ty
pe1/public/amsfonts/cm/cmr12.pfb><C:/Program Files/MiKTeX 2.9/fonts/type1/publi
c/amsfonts/cm/cmr6.pfb><C:/Program Files/MiKTeX 2.9/fonts/type1/public/amsfonts
/cm/cmr7.pfb><C:/Program Files/MiKTeX 2.9/fonts/type1/public/amsfonts/cm/cmr8.p
fb><C:/Program Files/MiKTeX 2.9/fonts/type1/public/amsfonts/cm/cmti12.pfb><C:/P
rogram Files/MiKTeX 2.9/fonts/type1/public/amsfonts/cm/cmtt12.pfb>
Output written on plantilla_PFC.pdf (48 pages, 616435 bytes).
PDF statistics:
 221 PDF objects out of 1000 (max. 8388607)
 0 named destinations out of 1000 (max. 500000)
 11 words of extra memory for PDF output out of 10000 (max. 10000000)

